LINK : warning LNK4098: defaultlib 'MSVCRT' conflicts with use of other libs; use /NODEFAULTLIB:library
Application.obj : error LNK2019: unresolved external symbol __imp__glClear@4 referenced in function _main
glfw3.lib(win32_init.c.obj) : error LNK2019: unresolved external symbol __imp__RegisterDeviceNotificationW@12 referenced in function _createHelperWindow
glfw3.lib(win32_init.c.obj) : error LNK2019: unresolved external symbol __imp__CreateWindowExW@48 referenced in function _createHelperWindow
glfw3.lib(win32_window.c.obj) : error LNK2001: unresolved external symbol __imp__CreateWindowExW@48
glfw3.lib(win32_init.c.obj) : error LNK2019: unresolved external symbol __imp__DestroyWindow@4 referenced in function __glfwPlatformTerminate
glfw3.lib(win32_window.c.obj) : error LNK2001: unresolved external symbol __imp__DestroyWindow@4
glfw3.lib(win32_init.c.obj) : error LNK2019: unresolved external symbol __imp__ShowWindow@8 referenced in function _createHelperWindow
glfw3.lib(win32_window.c.obj) : error LNK2001: unresolved external symbol __imp__ShowWindow@8
glfw3.lib(win32_init.c.obj) : error LNK2019: unresolved external symbol __imp__SystemParametersInfoW@16 referenced in function __glfwPlatformInit
glfw3.lib(win32_monitor.c.obj) : error LNK2019: unresolved external symbol __imp__CreateDCW@16 referenced in function __glfwPlatformGetGammaRamp
glfw3.lib(win32_monitor.c.obj) : error LNK2019: unresolved external symbol __imp__DeleteDC@4 referenced in function __glfwPlatformGetGammaRamp
glfw3.lib(win32_monitor.c.obj) : error LNK2019: unresolved external symbol __imp__GetDeviceCaps@8 referenced in function _createMonitor
glfw3.lib(win32_monitor.c.obj) : error LNK2019: unresolved external symbol __imp__GetDeviceGammaRamp@8 referenced in function __glfwPlatformGetGammaRamp
glfw3.lib(win32_monitor.c.obj) : error LNK2019: unresolved external symbol __imp__SetDeviceGammaRamp@8 referenced in function __glfwPlatformSetGammaRamp
glfw3.lib(win32_monitor.c.obj) : error LNK2019: unresolved external symbol __imp__ChangeDisplaySettingsExW@20 referenced in function __glfwPlatformGetVideoModes
glfw3.lib(win32_monitor.c.obj) : error LNK2019: unresolved external symbol __imp__EnumDisplaySettingsW@12 referenced in function __glfwPlatformGetVideoMode
glfw3.lib(win32_monitor.c.obj) : error LNK2019: unresolved external symbol __imp__EnumDisplaySettingsExW@16 referenced in function __glfwPlatformGetMonitorPos
glfw3.lib(win32_monitor.c.obj) : error LNK2019: unresolved external symbol __imp__EnumDisplayDevicesW@16 referenced in function __glfwPlatformGetMonitors
glfw3.lib(win32_window.c.obj) : error LNK2019: unresolved external symbol __imp__CreateBitmap@20 referenced in function _createIcon
glfw3.lib(win32_window.c.obj) : error LNK2019: unresolved external symbol __imp__DeleteObject@4 referenced in function _createIcon
glfw3.lib(win32_window.c.obj) : error LNK2019: unresolved external symbol __imp__CreateDIBSection@24 referenced in function _createIcon
glfw3.lib(win32_window.c.obj) : error LNK2019: unresolved external symbol __imp__TrackMouseEvent@4 referenced in function _windowProc@16
glfw3.lib(win32_window.c.obj) : error LNK2019: unresolved external symbol __imp__TranslateMessage@4 referenced in function __glfwPlatformPollEvents
glfw3.lib(win32_window.c.obj) : error LNK2019: unresolved external symbol __imp__DispatchMessageW@4 referenced in function __glfwPlatformPollEvents
glfw3.lib(win32_window.c.obj) : error LNK2019: unresolved external symbol __imp__PeekMessageW@20 referenced in function __glfwPlatformPollEvents
glfw3.lib(win32_window.c.obj) : error LNK2019: unresolved external symbol __imp__GetMessageTime@0 referenced in function _translateKey
glfw3.lib(win32_window.c.obj) : error LNK2019: unresolved external symbol __imp__SendMessageW@16 referenced in function __glfwPlatformSetWindowIcon
glfw3.lib(win32_window.c.obj) : error LNK2019: unresolved external symbol __imp__PostMessageW@16 referenced in function __glfwPlatformPostEmptyEvent
glfw3.lib(win32_window.c.obj) : error LNK2019: unresolved external symbol __imp__WaitMessage@0 referenced in function __glfwPlatformWaitEvents
glfw3.lib(win32_window.c.obj) : error LNK2019: unresolved external symbol __imp__DefWindowProcW@16 referenced in function _windowProc@16
glfw3.lib(win32_window.c.obj) : error LNK2019: unresolved external symbol __imp__UnregisterClassW@8 referenced in function __glfwUnregisterWindowClassWin32
glfw3.lib(win32_window.c.obj) : error LNK2019: unresolved external symbol __imp__RegisterClassExW@4 referenced in function __glfwRegisterWindowClassWin32
glfw3.lib(win32_window.c.obj) : error LNK2019: unresolved external symbol __imp__MoveWindow@24 referenced in function __glfwPlatformSetWindowAspectRatio
glfw3.lib(win32_window.c.obj) : error LNK2019: unresolved external symbol __imp__SetWindowPos@28 referenced in function __glfwPlatformSetWindowMonitor
glfw3.lib(win32_window.c.obj) : error LNK2019: unresolved external symbol __imp__IsWindowVisible@4 referenced in function __glfwPlatformWindowVisible
glfw3.lib(win32_window.c.obj) : error LNK2019: unresolved external symbol __imp__IsIconic@4 referenced in function __glfwPlatformWindowIconified
glfw3.lib(win32_window.c.obj) : error LNK2019: unresolved external symbol __imp__BringWindowToTop@4 referenced in function __glfwPlatformCreateWindow
glfw3.lib(win32_window.c.obj) : error LNK2019: unresolved external symbol __imp__IsZoomed@4 referenced in function __glfwPlatformWindowMaximized
glfw3.lib(win32_window.c.obj) : error LNK2019: unresolved external symbol __imp__OpenClipboard@4 referenced in function __glfwPlatformGetClipboardString
glfw3.lib(win32_window.c.obj) : error LNK2019: unresolved external symbol __imp__CloseClipboard@0 referenced in function __glfwPlatformGetClipboardString
glfw3.lib(win32_window.c.obj) : error LNK2019: unresolved external symbol __imp__SetClipboardData@8 referenced in function __glfwPlatformSetClipboardString
glfw3.lib(win32_window.c.obj) : error LNK2019: unresolved external symbol __imp__GetClipboardData@4 referenced in function __glfwPlatformGetClipboardString
glfw3.lib(win32_window.c.obj) : error LNK2019: unresolved external symbol __imp__EmptyClipboard@0 referenced in function __glfwPlatformSetClipboardString
glfw3.lib(win32_window.c.obj) : error LNK2019: unresolved external symbol __imp__SetFocus@4 referenced in function __glfwPlatformCreateWindow
glfw3.lib(win32_window.c.obj) : error LNK2019: unresolved external symbol __imp__GetActiveWindow@0 referenced in function __glfwPlatformPollEvents
glfw3.lib(win32_window.c.obj) : error LNK2019: unresolved external symbol __imp__GetKeyState@4 referenced in function _getKeyMods
glfw3.lib(win32_window.c.obj) : error LNK2019: unresolved external symbol __imp__GetAsyncKeyState@4 referenced in function __glfwPlatformPollEvents
glfw3.lib(win32_window.c.obj) : error LNK2019: unresolved external symbol __imp__GetKeyNameTextW@12 referenced in function __glfwPlatformGetKeyName
glfw3.lib(win32_window.c.obj) : error LNK2019: unresolved external symbol __imp__SetCapture@4 referenced in function _windowProc@16
glfw3.lib(win32_window.c.obj) : error LNK2019: unresolved external symbol __imp__ReleaseCapture@0 referenced in function _windowProc@16
glfw3.lib(win32_window.c.obj) : error LNK2019: unresolved external symbol __imp__MsgWaitForMultipleObjects@20 referenced in function __glfwPlatformWaitEventsTimeout
glfw3.lib(win32_window.c.obj) : error LNK2019: unresolved external symbol __imp__GetSystemMetrics@4 referenced in function __glfwPlatformSetWindowIcon
glfw3.lib(win32_window.c.obj) : error LNK2019: unresolved external symbol __imp__SetForegroundWindow@4 referenced in function __glfwPlatformCreateWindow
glfw3.lib(win32_window.c.obj) : error LNK2019: unresolved external symbol __imp__GetDC@4 referenced in function _createIcon
glfw3.lib(wgl_context.c.obj) : error LNK2001: unresolved external symbol __imp__GetDC@4
glfw3.lib(win32_window.c.obj) : error LNK2019: unresolved external symbol __imp__ReleaseDC@8 referenced in function _createIcon
glfw3.lib(win32_window.c.obj) : error LNK2019: unresolved external symbol __imp__SetPropW@12 referenced in function _createNativeWindow
glfw3.lib(win32_window.c.obj) : error LNK2019: unresolved external symbol __imp__GetPropW@8 referenced in function __glfwPlatformPollEvents
glfw3.lib(win32_window.c.obj) : error LNK2019: unresolved external symbol __imp__RemovePropW@8 referenced in function __glfwPlatformDestroyWindow
glfw3.lib(win32_window.c.obj) : error LNK2019: unresolved external symbol __imp__SetWindowTextW@8 referenced in function __glfwPlatformSetWindowTitle
glfw3.lib(win32_window.c.obj) : error LNK2019: unresolved external symbol __imp__GetClientRect@8 referenced in function __glfwPlatformGetFramebufferSize
glfw3.lib(win32_window.c.obj) : error LNK2019: unresolved external symbol __imp__GetWindowRect@8 referenced in function __glfwPlatformSetWindowAspectRatio
glfw3.lib(win32_window.c.obj) : error LNK2019: unresolved external symbol __imp__AdjustWindowRectEx@16 referenced in function __glfwPlatformGetWindowFrameSize
glfw3.lib(win32_window.c.obj) : error LNK2019: unresolved external symbol __imp__SetCursorPos@8 referenced in function __glfwPlatformPollEvents
glfw3.lib(win32_window.c.obj) : error LNK2019: unresolved external symbol __imp__SetCursor@4 referenced in function __glfwPlatformSetCursor
glfw3.lib(win32_window.c.obj) : error LNK2019: unresolved external symbol __imp__GetCursorPos@4 referenced in function __glfwPlatformGetCursorPos
glfw3.lib(win32_window.c.obj) : error LNK2019: unresolved external symbol __imp__ClipCursor@4 referenced in function __glfwPlatformSetCursorMode
glfw3.lib(win32_window.c.obj) : error LNK2019: unresolved external symbol __imp__ClientToScreen@8 referenced in function __glfwPlatformGetWindowPos
glfw3.lib(win32_window.c.obj) : error LNK2019: unresolved external symbol __imp__ScreenToClient@8 referenced in function __glfwPlatformGetCursorPos
glfw3.lib(win32_window.c.obj) : error LNK2019: unresolved external symbol __imp__WindowFromPoint@8 referenced in function _cursorInClientArea
glfw3.lib(win32_window.c.obj) : error LNK2019: unresolved external symbol __imp__SetRect@20 referenced in function __glfwPlatformGetWindowFrameSize
glfw3.lib(win32_window.c.obj) : error LNK2019: unresolved external symbol __imp__PtInRect@12 referenced in function _cursorInClientArea
glfw3.lib(win32_window.c.obj) : error LNK2019: unresolved external symbol __imp__GetWindowLongW@8 referenced in function __glfwPlatformSetWindowMonitor
glfw3.lib(win32_window.c.obj) : error LNK2019: unresolved external symbol __imp__SetWindowLongW@12 referenced in function __glfwPlatformSetWindowMonitor
glfw3.lib(win32_window.c.obj) : error LNK2019: unresolved external symbol __imp__GetClassLongW@8 referenced in function __glfwPlatformSetWindowIcon
glfw3.lib(win32_window.c.obj) : error LNK2019: unresolved external symbol __imp__LoadCursorW@8 referenced in function __glfwPlatformCreateStandardCursor
glfw3.lib(win32_window.c.obj) : error LNK2019: unresolved external symbol __imp__DestroyIcon@4 referenced in function __glfwPlatformDestroyCursor
glfw3.lib(win32_window.c.obj) : error LNK2019: unresolved external symbol __imp__LoadImageW@24 referenced in function __glfwRegisterWindowClassWin32
glfw3.lib(win32_window.c.obj) : error LNK2019: unresolved external symbol __imp__CreateIconIndirect@4 referenced in function _createIcon
glfw3.lib(win32_window.c.obj) : error LNK2019: unresolved external symbol __imp__CopyIcon@4 referenced in function __glfwPlatformCreateStandardCursor
glfw3.lib(win32_window.c.obj) : error LNK2019: unresolved external symbol __imp__DragQueryFileW@16 referenced in function _windowProc@16
glfw3.lib(win32_window.c.obj) : error LNK2019: unresolved external symbol __imp__DragQueryPoint@8 referenced in function _windowProc@16
glfw3.lib(win32_window.c.obj) : error LNK2019: unresolved external symbol __imp__DragFinish@4 referenced in function _windowProc@16
glfw3.lib(win32_window.c.obj) : error LNK2019: unresolved external symbol __imp__DragAcceptFiles@8 referenced in function _createNativeWindow
glfw3.lib(win32_joystick.c.obj) : error LNK2019: unresolved external symbol __imp__GetRawInputDeviceInfoA@16 referenced in function _supportsXInput
glfw3.lib(win32_joystick.c.obj) : error LNK2019: unresolved external symbol __imp__GetRawInputDeviceList@12 referenced in function _supportsXInput
glfw3.lib(wgl_context.c.obj) : error LNK2019: unresolved external symbol __imp__ChoosePixelFormat@8 referenced in function _loadWGLExtensions
glfw3.lib(wgl_context.c.obj) : error LNK2019: unresolved external symbol __imp__DescribePixelFormat@16 referenced in function __glfwCreateContextWGL
glfw3.lib(wgl_context.c.obj) : error LNK2019: unresolved external symbol __imp__SetPixelFormat@12 referenced in function __glfwCreateContextWGL
glfw3.lib(wgl_context.c.obj) : error LNK2019: unresolved external symbol __imp__SwapBuffers@4 referenced in function _swapBuffersWGL
D:\Users\Netto\Documents\GitHub\Learning-OpenGL\OpenGL\Debug\OpenGL.exe : fatal error LNK1120: 86 unresolved externals
